
  .   ____          _            __ _ _
 /\\ / ___'_ __ _ _(_)_ __  __ _ \ \ \ \
( ( )\___ | '_ | '_| | '_ \/ _` | \ \ \ \
 \\/  ___)| |_)| | | | | || (_| |  ) ) ) )
  '  |____| .__|_| |_|_| |_\__, | / / / /
 =========|_|==============|___/=/_/_/_/
 :: Spring Boot ::                (v3.2.5)

2026-06-14T23:12:58.768+08:00  INFO 35603 --- [           main] c.smartparking.SmartParkingApplication   : Starting SmartParkingApplication v1.0.0 using Java 17.0.19 with PID 35603 (/Users/darian/projects/dogFood9/Project11/backend/target/smart-parking-1.0.0.jar started by darian in /Users/darian/projects/dogFood9/Project11/backend)
2026-06-14T23:12:58.770+08:00  INFO 35603 --- [           main] c.smartparking.SmartParkingApplication   : No active profile set, falling back to 1 default profile: "default"
2026-06-14T23:12:59.163+08:00  INFO 35603 --- [           main] .s.d.r.c.RepositoryConfigurationDelegate : Bootstrapping Spring Data JPA repositories in DEFAULT mode.
2026-06-14T23:12:59.200+08:00  INFO 35603 --- [           main] .s.d.r.c.RepositoryConfigurationDelegate : Finished Spring Data repository scanning in 28 ms. Found 11 JPA repository interfaces.
2026-06-14T23:12:59.465+08:00  INFO 35603 --- [           main] o.s.b.w.embedded.tomcat.TomcatWebServer  : Tomcat initialized with port 8080 (http)
2026-06-14T23:12:59.479+08:00  INFO 35603 --- [           main] o.apache.catalina.core.StandardService   : Starting service [Tomcat]
2026-06-14T23:12:59.479+08:00  INFO 35603 --- [           main] o.apache.catalina.core.StandardEngine    : Starting Servlet engine: [Apache Tomcat/10.1.20]
2026-06-14T23:12:59.499+08:00  INFO 35603 --- [           main] o.a.c.c.C.[Tomcat].[localhost].[/]       : Initializing Spring embedded WebApplicationContext
2026-06-14T23:12:59.499+08:00  INFO 35603 --- [           main] w.s.c.ServletWebServerApplicationContext : Root WebApplicationContext: initialization completed in 668 ms
2026-06-14T23:12:59.579+08:00  INFO 35603 --- [           main] o.hibernate.jpa.internal.util.LogHelper  : HHH000204: Processing PersistenceUnitInfo [name: default]
2026-06-14T23:12:59.607+08:00  INFO 35603 --- [           main] org.hibernate.Version                    : HHH000412: Hibernate ORM core version 6.4.4.Final
2026-06-14T23:12:59.622+08:00  INFO 35603 --- [           main] o.h.c.internal.RegionFactoryInitiator    : HHH000026: Second-level cache disabled
2026-06-14T23:12:59.735+08:00  INFO 35603 --- [           main] o.s.o.j.p.SpringPersistenceUnitInfo      : No LoadTimeWeaver setup: ignoring JPA class transformer
2026-06-14T23:12:59.748+08:00  INFO 35603 --- [           main] com.zaxxer.hikari.HikariDataSource       : HikariPool-1 - Starting...
2026-06-14T23:13:00.258+08:00  INFO 35603 --- [           main] com.zaxxer.hikari.pool.HikariPool        : HikariPool-1 - Added connection org.sqlite.jdbc4.JDBC4Connection@2e45a357
2026-06-14T23:13:00.259+08:00  INFO 35603 --- [           main] com.zaxxer.hikari.HikariDataSource       : HikariPool-1 - Start completed.
2026-06-14T23:13:00.714+08:00  INFO 35603 --- [           main] o.h.e.t.j.p.i.JtaPlatformInitiator       : HHH000489: No JTA platform available (set 'hibernate.transaction.jta.platform' to enable JTA platform integration)
2026-06-14T23:13:00.734+08:00  INFO 35603 --- [           main] j.LocalContainerEntityManagerFactoryBean : Initialized JPA EntityManagerFactory for persistence unit 'default'
2026-06-14T23:13:01.257+08:00  INFO 35603 --- [           main] o.s.b.w.embedded.tomcat.TomcatWebServer  : Tomcat started on port 8080 (http) with context path ''
2026-06-14T23:13:01.272+08:00  INFO 35603 --- [           main] c.smartparking.SmartParkingApplication   : Started SmartParkingApplication in 2.703 seconds (process running for 2.95)
2026-06-14T23:13:01.425+08:00  INFO 35603 --- [nio-8080-exec-1] o.a.c.c.C.[Tomcat].[localhost].[/]       : Initializing Spring DispatcherServlet 'dispatcherServlet'
2026-06-14T23:13:01.426+08:00  INFO 35603 --- [nio-8080-exec-1] o.s.web.servlet.DispatcherServlet        : Initializing Servlet 'dispatcherServlet'
2026-06-14T23:13:01.427+08:00  INFO 35603 --- [nio-8080-exec-1] o.s.web.servlet.DispatcherServlet        : Completed initialization in 1 ms
2026-06-14T23:16:06.326+08:00  WARN 35603 --- [pool-2-thread-2] o.h.engine.jdbc.spi.SqlExceptionHelper   : SQL Error: 5, SQLState: null
2026-06-14T23:16:06.326+08:00  WARN 35603 --- [pool-2-thread-3] o.h.engine.jdbc.spi.SqlExceptionHelper   : SQL Error: 5, SQLState: null
2026-06-14T23:16:06.327+08:00 ERROR 35603 --- [pool-2-thread-2] o.h.engine.jdbc.spi.SqlExceptionHelper   : [SQLITE_BUSY] The database file is locked (database is locked)
2026-06-14T23:16:06.327+08:00 ERROR 35603 --- [pool-2-thread-3] o.h.engine.jdbc.spi.SqlExceptionHelper   : [SQLITE_BUSY] The database file is locked (database is locked)
2026-06-14T23:16:06.349+08:00  WARN 35603 --- [pool-2-thread-2] o.h.engine.jdbc.spi.SqlExceptionHelper   : SQL Error: 5, SQLState: null
2026-06-14T23:16:06.349+08:00 ERROR 35603 --- [pool-2-thread-2] o.h.engine.jdbc.spi.SqlExceptionHelper   : [SQLITE_BUSY] The database file is locked (database is locked)
2026-06-14T23:16:06.351+08:00  WARN 35603 --- [pool-2-thread-2] o.h.engine.jdbc.spi.SqlExceptionHelper   : SQL Error: 5, SQLState: null
2026-06-14T23:16:06.351+08:00 ERROR 35603 --- [pool-2-thread-2] o.h.engine.jdbc.spi.SqlExceptionHelper   : [SQLITE_BUSY] The database file is locked (database is locked)
2026-06-14T23:16:16.350+08:00  WARN 35603 --- [pool-2-thread-1] o.h.engine.jdbc.spi.SqlExceptionHelper   : SQL Error: 5, SQLState: null
2026-06-14T23:16:16.351+08:00 ERROR 35603 --- [pool-2-thread-1] o.h.engine.jdbc.spi.SqlExceptionHelper   : [SQLITE_BUSY] The database file is locked (database is locked)
2026-06-14T23:16:16.353+08:00  WARN 35603 --- [pool-2-thread-3] o.h.engine.jdbc.spi.SqlExceptionHelper   : SQL Error: 5, SQLState: null
2026-06-14T23:16:16.353+08:00 ERROR 35603 --- [pool-2-thread-3] o.h.engine.jdbc.spi.SqlExceptionHelper   : [SQLITE_BUSY] The database file is locked (database is locked)
2026-06-14T23:16:16.353+08:00  WARN 35603 --- [pool-2-thread-4] o.h.engine.jdbc.spi.SqlExceptionHelper   : SQL Error: 5, SQLState: null
2026-06-14T23:16:16.353+08:00 ERROR 35603 --- [pool-2-thread-4] o.h.engine.jdbc.spi.SqlExceptionHelper   : [SQLITE_BUSY] The database file is locked (database is locked)
2026-06-14T23:16:36.357+08:00  WARN 35603 --- [pool-2-thread-1] o.h.engine.jdbc.spi.SqlExceptionHelper   : SQL Error: 5, SQLState: null
2026-06-14T23:16:36.357+08:00  WARN 35603 --- [pool-2-thread-5] o.h.engine.jdbc.spi.SqlExceptionHelper   : SQL Error: 5, SQLState: null
2026-06-14T23:16:36.358+08:00 ERROR 35603 --- [pool-2-thread-1] o.h.engine.jdbc.spi.SqlExceptionHelper   : [SQLITE_BUSY] The database file is locked (database is locked)
2026-06-14T23:16:36.358+08:00 ERROR 35603 --- [pool-2-thread-5] o.h.engine.jdbc.spi.SqlExceptionHelper   : [SQLITE_BUSY] The database file is locked (database is locked)
2026-06-14T23:17:16.374+08:00  WARN 35603 --- [pool-2-thread-4] o.h.engine.jdbc.spi.SqlExceptionHelper   : SQL Error: 5, SQLState: null
2026-06-14T23:17:16.375+08:00 ERROR 35603 --- [pool-2-thread-4] o.h.engine.jdbc.spi.SqlExceptionHelper   : [SQLITE_BUSY] The database file is locked (database is locked)
2026-06-14T23:19:06.319+08:00  WARN 35603 --- [pool-2-thread-5] o.h.engine.jdbc.spi.SqlExceptionHelper   : SQL Error: 5, SQLState: null
2026-06-14T23:19:06.319+08:00  WARN 35603 --- [pool-2-thread-3] o.h.engine.jdbc.spi.SqlExceptionHelper   : SQL Error: 5, SQLState: null
2026-06-14T23:19:06.319+08:00  WARN 35603 --- [pool-2-thread-2] o.h.engine.jdbc.spi.SqlExceptionHelper   : SQL Error: 5, SQLState: null
2026-06-14T23:19:06.320+08:00 ERROR 35603 --- [pool-2-thread-3] o.h.engine.jdbc.spi.SqlExceptionHelper   : [SQLITE_BUSY] The database file is locked (database is locked)
2026-06-14T23:19:06.320+08:00 ERROR 35603 --- [pool-2-thread-5] o.h.engine.jdbc.spi.SqlExceptionHelper   : [SQLITE_BUSY] The database file is locked (database is locked)
2026-06-14T23:19:06.319+08:00  WARN 35603 --- [pool-2-thread-1] o.h.engine.jdbc.spi.SqlExceptionHelper   : SQL Error: 5, SQLState: null
2026-06-14T23:19:06.320+08:00 ERROR 35603 --- [pool-2-thread-2] o.h.engine.jdbc.spi.SqlExceptionHelper   : [SQLITE_BUSY] The database file is locked (database is locked)
2026-06-14T23:19:06.320+08:00 ERROR 35603 --- [pool-2-thread-1] o.h.engine.jdbc.spi.SqlExceptionHelper   : [SQLITE_BUSY] The database file is locked (database is locked)
2026-06-14T23:19:06.326+08:00  WARN 35603 --- [pool-2-thread-2] o.h.engine.jdbc.spi.SqlExceptionHelper   : SQL Error: 5, SQLState: null
2026-06-14T23:19:06.327+08:00 ERROR 35603 --- [pool-2-thread-2] o.h.engine.jdbc.spi.SqlExceptionHelper   : [SQLITE_BUSY] The database file is locked (database is locked)
2026-06-14T23:19:06.333+08:00  WARN 35603 --- [pool-2-thread-5] o.h.engine.jdbc.spi.SqlExceptionHelper   : SQL Error: 5, SQLState: null
2026-06-14T23:19:06.334+08:00 ERROR 35603 --- [pool-2-thread-5] o.h.engine.jdbc.spi.SqlExceptionHelper   : [SQLITE_BUSY] The database file is locked (database is locked)
2026-06-14T23:19:06.334+08:00  WARN 35603 --- [pool-2-thread-1] o.h.engine.jdbc.spi.SqlExceptionHelper   : SQL Error: 5, SQLState: null
2026-06-14T23:19:06.334+08:00 ERROR 35603 --- [pool-2-thread-1] o.h.engine.jdbc.spi.SqlExceptionHelper   : [SQLITE_BUSY] The database file is locked (database is locked)
2026-06-14T23:19:06.334+08:00  WARN 35603 --- [pool-2-thread-2] o.h.engine.jdbc.spi.SqlExceptionHelper   : SQL Error: 5, SQLState: null
2026-06-14T23:19:06.334+08:00 ERROR 35603 --- [pool-2-thread-2] o.h.engine.jdbc.spi.SqlExceptionHelper   : [SQLITE_BUSY] The database file is locked (database is locked)
2026-06-14T23:19:06.336+08:00  WARN 35603 --- [pool-2-thread-1] o.h.engine.jdbc.spi.SqlExceptionHelper   : SQL Error: 5, SQLState: null
2026-06-14T23:19:06.337+08:00 ERROR 35603 --- [pool-2-thread-1] o.h.engine.jdbc.spi.SqlExceptionHelper   : [SQLITE_BUSY] The database file is locked (database is locked)
