
  VITE v5.4.21  ready in 178 ms

  ➜  Local:   http://localhost:3000/
  ➜  Network: http://192.168.1.23:3000/
11:13:03 PM [vite] ws proxy socket error:
Error: write EPIPE
    at afterWriteDispatched (node:internal/stream_base_commons:159:15)
    at writeGeneric (node:internal/stream_base_commons:150:3)
    at Socket._writeGeneric (node:net:1025:11)
    at Socket._write (node:net:1037:8)
    at writeOrBuffer (node:internal/streams/writable:572:12)
    at _write (node:internal/streams/writable:501:10)
    at Writable.write (node:internal/streams/writable:510:10)
    at IncomingMessage.ondata (node:internal/streams/readable:1022:24)
    at IncomingMessage.emit (node:events:509:20)
    at Readable.read (node:internal/streams/readable:794:10)
    at flow (node:internal/streams/readable:1305:53)
    at resume_ (node:internal/streams/readable:1281:3)
    at process.processTicksAndRejections (node:internal/process/task_queues:90:21)
11:13:03 PM [vite] ws proxy socket error:
Error: read ECONNRESET
    at TCP.onStreamRead (node:internal/stream_base_commons:216:20)
11:13:11 PM [vite] ws proxy socket error:
Error: write EPIPE
    at afterWriteDispatched (node:internal/stream_base_commons:159:15)
    at writeGeneric (node:internal/stream_base_commons:150:3)
    at Socket._writeGeneric (node:net:1025:11)
    at Socket._write (node:net:1037:8)
    at writeOrBuffer (node:internal/streams/writable:572:12)
    at _write (node:internal/streams/writable:501:10)
    at Writable.write (node:internal/streams/writable:510:10)
    at IncomingMessage.ondata (node:internal/streams/readable:1022:24)
    at IncomingMessage.emit (node:events:509:20)
    at Readable.read (node:internal/streams/readable:794:10)
    at flow (node:internal/streams/readable:1305:53)
    at resume_ (node:internal/streams/readable:1281:3)
    at process.processTicksAndRejections (node:internal/process/task_queues:90:21)
11:13:11 PM [vite] ws proxy socket error:
Error: read ECONNRESET
    at TCP.onStreamRead (node:internal/stream_base_commons:216:20)
11:13:17 PM [vite] ws proxy socket error:
Error: write EPIPE
    at afterWriteDispatched (node:internal/stream_base_commons:159:15)
    at writeGeneric (node:internal/stream_base_commons:150:3)
    at Socket._writeGeneric (node:net:1025:11)
    at Socket._write (node:net:1037:8)
    at writeOrBuffer (node:internal/streams/writable:572:12)
    at _write (node:internal/streams/writable:501:10)
    at Writable.write (node:internal/streams/writable:510:10)
    at IncomingMessage.ondata (node:internal/streams/readable:1022:24)
    at IncomingMessage.emit (node:events:509:20)
    at Readable.read (node:internal/streams/readable:794:10)
    at flow (node:internal/streams/readable:1305:53)
    at resume_ (node:internal/streams/readable:1281:3)
    at process.processTicksAndRejections (node:internal/process/task_queues:90:21)
11:13:17 PM [vite] ws proxy socket error:
Error: read ECONNRESET
    at TCP.onStreamRead (node:internal/stream_base_commons:216:20)
11:13:17 PM [vite] ws proxy socket error:
Error: read ECONNRESET
    at TCP.onStreamRead (node:internal/stream_base_commons:216:20)
11:13:50 PM [vite] ws proxy socket error:
Error: read ECONNRESET
    at TCP.onStreamRead (node:internal/stream_base_commons:216:20)
11:13:50 PM [vite] ws proxy socket error:
Error: read ECONNRESET
    at TCP.onStreamRead (node:internal/stream_base_commons:216:20)
11:14:22 PM [vite] ws proxy socket error:
Error: write EPIPE
    at afterWriteDispatched (node:internal/stream_base_commons:159:15)
    at writeGeneric (node:internal/stream_base_commons:150:3)
    at Socket._writeGeneric (node:net:1025:11)
    at Socket._write (node:net:1037:8)
    at writeOrBuffer (node:internal/streams/writable:572:12)
    at _write (node:internal/streams/writable:501:10)
    at Writable.write (node:internal/streams/writable:510:10)
    at IncomingMessage.ondata (node:internal/streams/readable:1022:24)
    at IncomingMessage.emit (node:events:509:20)
    at Readable.read (node:internal/streams/readable:794:10)
    at flow (node:internal/streams/readable:1305:53)
    at resume_ (node:internal/streams/readable:1281:3)
    at process.processTicksAndRejections (node:internal/process/task_queues:90:21)
11:16:00 PM [vite] hmr update /src/pages/admin/VehicleManagement.jsx
