[信息] 2026/06/21 14:09:05 logger.go:29: 设备管理后端服务启动中...
[信息] 2026/06/21 14:09:05 logger.go:29: 数据库连接成功
[信息] 2026/06/21 14:09:05 logger.go:29: 数据库表迁移完成
[信息] 2026/06/21 14:09:05 logger.go:29: 开始初始化模拟数据...
[信息] 2026/06/21 14:09:05 logger.go:29: 设备数据初始化完成，共10台设备
[信息] 2026/06/21 14:09:05 logger.go:34: 设备历史数据初始化完成，共500条
[信息] 2026/06/21 14:09:05 logger.go:34: 故障预警数据初始化完成，共20条
[信息] 2026/06/21 14:09:05 logger.go:34: 维护记录初始化完成，共15条
[信息] 2026/06/21 14:09:05 logger.go:34: 维护计划初始化完成，共8条
[信息] 2026/06/21 14:09:05 logger.go:34: 备件基础数据初始化完成，共8条
[信息] 2026/06/21 14:09:05 logger.go:34: 备件库存数据初始化完成，共8条
[信息] 2026/06/21 14:09:05 logger.go:29: 所有模拟数据初始化完成
[信息] 2026/06/21 14:09:05 logger.go:34: 数据缓冲区初始化完成，缓冲区大小：1000
[信息] 2026/06/21 14:09:05 logger.go:29: CORS中间件已启用
[信息] 2026/06/21 14:09:05 logger.go:29: WebSocket Hub已启动
[信息] 2026/06/21 14:09:05 logger.go:29: 设备数据模拟器已启动
[信息] 2026/06/21 14:09:05 logger.go:34: HTTP服务启动成功，监听端口 :8080
[信息] 2026/06/21 14:09:08 logger.go:34: 设备[1]故障预测完成 - 概率:24.61% 等级:低风险 因素:[电流异常 温度持续上升 振动持续增加 电流持续增加]
[信息] 2026/06/21 14:09:08 logger.go:34: 设备[5]故障预测完成 - 概率:24.07% 等级:低风险 因素:[温度过高 温度持续上升 振动持续增加 电流持续增加]
[信息] 2026/06/21 14:09:08 logger.go:34: 设备[9]故障预测完成 - 概率:24.11% 等级:低风险 因素:[电流异常 温度持续上升 振动持续增加 电流持续增加]
[信息] 2026/06/21 14:09:11 logger.go:34: 设备[1]故障预测完成 - 概率:21.00% 等级:低风险 因素:[温度持续上升 振动持续增加 电流持续增加]
[信息] 2026/06/21 14:09:11 logger.go:34: 设备[5]故障预测完成 - 概率:21.00% 等级:低风险 因素:[温度持续上升 振动持续增加 电流持续增加]
[信息] 2026/06/21 14:09:11 logger.go:34: 设备[9]故障预测完成 - 概率:25.98% 等级:低风险 因素:[振动异常 温度持续上升 振动持续增加 电流持续增加]
[信息] 2026/06/21 14:09:14 logger.go:34: 设备[1]故障预测完成 - 概率:23.13% 等级:低风险 因素:[压力异常 温度持续上升 振动持续增加 电流持续增加]
[信息] 2026/06/21 14:09:14 logger.go:34: 设备[5]故障预测完成 - 概率:32.06% 等级:中风险 因素:[温度过高 压力异常 温度持续上升 振动持续增加 电流持续增加]
[信息] 2026/06/21 14:09:14 logger.go:34: 设备[9]故障预测完成 - 概率:21.00% 等级:低风险 因素:[温度持续上升 振动持续增加 电流持续增加]
[信息] 2026/06/21 14:09:17 logger.go:34: 设备[1]故障预测完成 - 概率:21.00% 等级:低风险 因素:[温度持续上升 振动持续增加 电流持续增加]
[信息] 2026/06/21 14:09:17 logger.go:34: 设备[5]故障预测完成 - 概率:25.84% 等级:低风险 因素:[振动异常 温度持续上升 振动持续增加 电流持续增加]
[信息] 2026/06/21 14:09:17 logger.go:34: 设备[9]故障预测完成 - 概率:27.42% 等级:低风险 因素:[温度过高 温度持续上升 振动持续增加 电流持续增加]
[信息] 2026/06/21 14:09:20 logger.go:34: 设备[1]故障预测完成 - 概率:25.22% 等级:低风险 因素:[振动异常 温度持续上升 振动持续增加 电流持续增加]
[信息] 2026/06/21 14:09:20 logger.go:34: 设备[5]故障预测完成 - 概率:26.90% 等级:低风险 因素:[振动异常 温度持续上升 振动持续增加 电流持续增加]
[信息] 2026/06/21 14:09:20 logger.go:34: 设备[9]故障预测完成 - 概率:28.27% 等级:低风险 因素:[振动异常 温度持续上升 振动持续增加 电流持续增加]
[信息] 2026/06/21 14:09:21 logger.go:34: [GET] /api/v1/maintenance-plans - 200 (623.542µs) IP:::1
[GIN] 2026/06/21 - 14:09:21 | 200 | 672.458µs |             ::1 | GET      "/api/v1/maintenance-plans?page=1&pageSize=10"
[信息] 2026/06/21 14:09:21 logger.go:34: [GET] /api/v1/maintenance-plans - 200 (258.958µs) IP:::1
[GIN] 2026/06/21 - 14:09:21 | 200 | 298.875µs |             ::1 | GET      "/api/v1/maintenance-plans?page=1&pageSize=50"
[信息] 2026/06/21 14:09:21 logger.go:34: [GET] /api/v1/maintenance-records - 200 (947.458µs) IP:::1
[GIN] 2026/06/21 - 14:09:21 | 200 | 980.959µs |             ::1 | GET      "/api/v1/maintenance-records?page=1&pageSize=10"
[信息] 2026/06/21 14:09:21 logger.go:34: [GET] /api/v1/maintenance-records - 200 (329.5µs) IP:::1
[GIN] 2026/06/21 - 14:09:21 | 200 | 364.291µs |             ::1 | GET      "/api/v1/maintenance-records?page=1&pageSize=50"
[信息] 2026/06/21 14:09:23 logger.go:34: 设备[1]故障预测完成 - 概率:26.65% 等级:低风险 因素:[温度过高 温度持续上升 振动持续增加 电流持续增加]
[信息] 2026/06/21 14:09:23 logger.go:34: 设备[5]故障预测完成 - 概率:25.47% 等级:低风险 因素:[温度过高 温度持续上升 振动持续增加 电流持续增加]
[信息] 2026/06/21 14:09:23 logger.go:34: 设备[9]故障预测完成 - 概率:34.53% 等级:中风险 因素:[温度过高 振动异常 温度持续上升 振动持续增加 电流持续增加]
[信息] 2026/06/21 14:09:26 logger.go:34: 设备[1]故障预测完成 - 概率:21.00% 等级:低风险 因素:[温度持续上升 振动持续增加 电流持续增加]
[信息] 2026/06/21 14:09:26 logger.go:34: 设备[5]故障预测完成 - 概率:23.90% 等级:低风险 因素:[电流异常 温度持续上升 振动持续增加 电流持续增加]
[信息] 2026/06/21 14:09:26 logger.go:34: 设备[9]故障预测完成 - 概率:21.00% 等级:低风险 因素:[温度持续上升 振动持续增加 电流持续增加]
[信息] 2026/06/21 14:09:29 logger.go:34: 设备[1]故障预测完成 - 概率:21.00% 等级:低风险 因素:[温度持续上升 振动持续增加 电流持续增加]
[信息] 2026/06/21 14:09:29 logger.go:34: 设备[5]故障预测完成 - 概率:27.50% 等级:低风险 因素:[温度过高 温度持续上升 振动持续增加 电流持续增加]
[信息] 2026/06/21 14:09:29 logger.go:34: 设备[9]故障预测完成 - 概率:27.40% 等级:低风险 因素:[振动异常 温度持续上升 振动持续增加 电流持续增加]
[信息] 2026/06/21 14:09:32 logger.go:34: 设备[1]故障预测完成 - 概率:25.65% 等级:低风险 因素:[振动异常 温度持续上升 振动持续增加 电流持续增加]
[信息] 2026/06/21 14:09:32 logger.go:34: 设备[5]故障预测完成 - 概率:26.72% 等级:低风险 因素:[温度过高 压力异常 温度持续上升 振动持续增加 电流持续增加]
[信息] 2026/06/21 14:09:32 logger.go:34: 设备[9]故障预测完成 - 概率:23.42% 等级:低风险 因素:[压力异常 温度持续上升 振动持续增加 电流持续增加]
[GIN] 2026/06/21 - 14:09:33 | 204 |     51µs |             ::1 | OPTIONS  "/api/v1/maintenance-records?page=1&pageSize=10"
[GIN] 2026/06/21 - 14:09:33 | 204 |     51µs |             ::1 | OPTIONS  "/api/v1/maintenance-plans?page=1&pageSize=10"
[信息] 2026/06/21 14:09:33 logger.go:34: [GET] /api/v1/maintenance-plans - 200 (518.625µs) IP:::1
[GIN] 2026/06/21 - 14:09:33 | 200 | 543.042µs |             ::1 | GET      "/api/v1/maintenance-plans?page=1&pageSize=10"
[信息] 2026/06/21 14:09:33 logger.go:34: [GET] /api/v1/maintenance-records - 200 (2.448083ms) IP:::1
[GIN] 2026/06/21 - 14:09:33 | 200 |   2.46ms |             ::1 | GET      "/api/v1/maintenance-records?page=1&pageSize=10"
[信息] 2026/06/21 14:09:35 logger.go:34: 设备[1]故障预测完成 - 概率:26.18% 等级:低风险 因素:[温度过高 温度持续上升 振动持续增加 电流持续增加]
[信息] 2026/06/21 14:09:35 logger.go:34: 设备[5]故障预测完成 - 概率:21.00% 等级:低风险 因素:[温度持续上升 振动持续增加 电流持续增加]
[信息] 2026/06/21 14:09:35 logger.go:34: 设备[9]故障预测完成 - 概率:23.47% 等级:低风险 因素:[电流异常 温度持续上升 振动持续增加 电流持续增加]
[信息] 2026/06/21 14:09:38 logger.go:34: 设备[1]故障预测完成 - 概率:35.85% 等级:中风险 因素:[温度过高 振动异常 压力异常 温度持续上升 振动持续增加 电流持续增加]
[信息] 2026/06/21 14:09:38 logger.go:34: 设备[5]故障预测完成 - 概率:21.00% 等级:低风险 因素:[温度持续上升 振动持续增加 电流持续增加]
[信息] 2026/06/21 14:09:38 logger.go:34: 设备[9]故障预测完成 - 概率:21.00% 等级:低风险 因素:[温度持续上升 振动持续增加 电流持续增加]
[信息] 2026/06/21 14:09:41 logger.go:34: 设备[1]故障预测完成 - 概率:22.70% 等级:低风险 因素:[压力异常 温度持续上升 振动持续增加 电流持续增加]
[信息] 2026/06/21 14:09:41 logger.go:34: 设备[5]故障预测完成 - 概率:28.76% 等级:低风险 因素:[温度过高 压力异常 温度持续上升 振动持续增加 电流持续增加]
[信息] 2026/06/21 14:09:41 logger.go:34: 设备[9]故障预测完成 - 概率:25.03% 等级:低风险 因素:[压力异常 温度持续上升 振动持续增加 电流持续增加]
[信息] 2026/06/21 14:09:44 logger.go:34: 设备[1]故障预测完成 - 概率:21.00% 等级:低风险 因素:[温度持续上升 振动持续增加 电流持续增加]
[信息] 2026/06/21 14:09:44 logger.go:34: 设备[5]故障预测完成 - 概率:33.51% 等级:中风险 因素:[振动异常 压力异常 电流异常 温度持续上升 振动持续增加 电流持续增加]
[信息] 2026/06/21 14:09:44 logger.go:34: 设备[9]故障预测完成 - 概率:33.03% 等级:中风险 因素:[温度过高 振动异常 温度持续上升 振动持续增加 电流持续增加]
[信息] 2026/06/21 14:09:47 logger.go:34: 设备[1]故障预测完成 - 概率:27.16% 等级:低风险 因素:[温度过高 温度持续上升 振动持续增加 电流持续增加]
[信息] 2026/06/21 14:09:47 logger.go:34: 设备[5]故障预测完成 - 概率:21.00% 等级:低风险 因素:[温度持续上升 振动持续增加 电流持续增加]
[信息] 2026/06/21 14:09:47 logger.go:34: 设备[9]故障预测完成 - 概率:25.17% 等级:低风险 因素:[温度过高 温度持续上升 振动持续增加 电流持续增加]
[信息] 2026/06/21 14:09:50 logger.go:34: 设备[1]故障预测完成 - 概率:31.92% 等级:中风险 因素:[温度过高 振动异常 温度持续上升 振动持续增加 电流持续增加]
[信息] 2026/06/21 14:09:50 logger.go:34: 设备[5]故障预测完成 - 概率:27.42% 等级:低风险 因素:[振动异常 压力异常 温度持续上升 振动持续增加 电流持续增加]
[信息] 2026/06/21 14:09:50 logger.go:34: 设备[9]故障预测完成 - 概率:28.16% 等级:低风险 因素:[振动异常 温度持续上升 振动持续增加 电流持续增加]
[信息] 2026/06/21 14:09:53 logger.go:34: 设备[1]故障预测完成 - 概率:22.91% 等级:低风险 因素:[压力异常 温度持续上升 振动持续增加 电流持续增加]
[信息] 2026/06/21 14:09:53 logger.go:34: 设备[5]故障预测完成 - 概率:30.87% 等级:中风险 因素:[温度过高 压力异常 温度持续上升 振动持续增加 电流持续增加]
[信息] 2026/06/21 14:09:53 logger.go:34: 设备[9]故障预测完成 - 概率:22.78% 等级:低风险 因素:[电流异常 温度持续上升 振动持续增加 电流持续增加]
[信息] 2026/06/21 14:09:56 logger.go:34: 设备[1]故障预测完成 - 概率:29.73% 等级:低风险 因素:[振动异常 电流异常 温度持续上升 振动持续增加 电流持续增加]
[信息] 2026/06/21 14:09:56 logger.go:34: 设备[5]故障预测完成 - 概率:21.00% 等级:低风险 因素:[温度持续上升 振动持续增加 电流持续增加]
[信息] 2026/06/21 14:09:56 logger.go:34: 设备[9]故障预测完成 - 概率:25.09% 等级:低风险 因素:[温度过高 温度持续上升 振动持续增加 电流持续增加]
[信息] 2026/06/21 14:09:59 logger.go:34: 设备[1]故障预测完成 - 概率:27.91% 等级:低风险 因素:[温度过高 压力异常 温度持续上升 振动持续增加 电流持续增加]
[信息] 2026/06/21 14:09:59 logger.go:34: 设备[5]故障预测完成 - 概率:26.59% 等级:低风险 因素:[振动异常 温度持续上升 振动持续增加 电流持续增加]
[信息] 2026/06/21 14:09:59 logger.go:34: 设备[9]故障预测完成 - 概率:24.82% 等级:低风险 因素:[压力异常 温度持续上升 振动持续增加 电流持续增加]
[信息] 2026/06/21 14:10:02 logger.go:34: 设备[1]故障预测完成 - 概率:28.92% 等级:低风险 因素:[振动异常 温度持续上升 振动持续增加 电流持续增加]
[信息] 2026/06/21 14:10:02 logger.go:34: 设备[5]故障预测完成 - 概率:32.21% 等级:中风险 因素:[振动异常 压力异常 温度持续上升 振动持续增加 电流持续增加]
[信息] 2026/06/21 14:10:02 logger.go:34: 设备[9]故障预测完成 - 概率:26.89% 等级:低风险 因素:[压力异常 温度持续上升 振动持续增加 电流持续增加]
[信息] 2026/06/21 14:10:05 logger.go:34: 设备[1]故障预测完成 - 概率:28.68% 等级:低风险 因素:[温度过高 振动异常 温度持续上升 振动持续增加 电流持续增加]
[信息] 2026/06/21 14:10:05 logger.go:34: 设备[5]故障预测完成 - 概率:26.72% 等级:低风险 因素:[振动异常 温度持续上升 振动持续增加 电流持续增加]
[信息] 2026/06/21 14:10:05 logger.go:34: 设备[9]故障预测完成 - 概率:24.64% 等级:低风险 因素:[电流异常 温度持续上升 振动持续增加 电流持续增加]
[信息] 2026/06/21 14:10:08 logger.go:34: 设备[1]故障预测完成 - 概率:31.66% 等级:中风险 因素:[温度过高 压力异常 温度持续上升 振动持续增加 电流持续增加]
[信息] 2026/06/21 14:10:08 logger.go:34: 设备[5]故障预测完成 - 概率:30.59% 等级:中风险 因素:[压力异常 电流异常 温度持续上升 振动持续增加 电流持续增加]
[信息] 2026/06/21 14:10:08 logger.go:34: 设备[9]故障预测完成 - 概率:23.32% 等级:低风险 因素:[压力异常 温度持续上升 振动持续增加 电流持续增加]
[信息] 2026/06/21 14:10:11 logger.go:34: 设备[1]故障预测完成 - 概率:21.00% 等级:低风险 因素:[温度持续上升 振动持续增加 电流持续增加]
[信息] 2026/06/21 14:10:11 logger.go:34: 设备[5]故障预测完成 - 概率:21.00% 等级:低风险 因素:[温度持续上升 振动持续增加 电流持续增加]
[信息] 2026/06/21 14:10:11 logger.go:34: 设备[9]故障预测完成 - 概率:24.05% 等级:低风险 因素:[压力异常 温度持续上升 振动持续增加 电流持续增加]
[信息] 2026/06/21 14:10:14 logger.go:34: 设备[1]故障预测完成 - 概率:21.00% 等级:低风险 因素:[温度持续上升 振动持续增加 电流持续增加]
[信息] 2026/06/21 14:10:14 logger.go:34: 设备[5]故障预测完成 - 概率:25.62% 等级:低风险 因素:[压力异常 电流异常 温度持续上升 振动持续增加 电流持续增加]
[信息] 2026/06/21 14:10:14 logger.go:34: 设备[9]故障预测完成 - 概率:23.38% 等级:低风险 因素:[压力异常 温度持续上升 振动持续增加 电流持续增加]
[信息] 2026/06/21 14:10:17 logger.go:34: 设备[1]故障预测完成 - 概率:27.85% 等级:低风险 因素:[振动异常 压力异常 温度持续上升 振动持续增加 电流持续增加]
[信息] 2026/06/21 14:10:17 logger.go:34: 设备[5]故障预测完成 - 概率:21.00% 等级:低风险 因素:[温度持续上升 振动持续增加 电流持续增加]
[信息] 2026/06/21 14:10:17 logger.go:34: 设备[9]故障预测完成 - 概率:21.00% 等级:低风险 因素:[温度持续上升 振动持续增加 电流持续增加]
[信息] 2026/06/21 14:10:20 logger.go:34: 设备[1]故障预测完成 - 概率:32.46% 等级:中风险 因素:[温度过高 振动异常 压力异常 温度持续上升 振动持续增加 电流持续增加]
[信息] 2026/06/21 14:10:20 logger.go:34: 设备[5]故障预测完成 - 概率:26.93% 等级:低风险 因素:[温度过高 压力异常 温度持续上升 振动持续增加 电流持续增加]
[信息] 2026/06/21 14:10:20 logger.go:34: 设备[9]故障预测完成 - 概率:21.00% 等级:低风险 因素:[温度持续上升 振动持续增加 电流持续增加]
[信息] 2026/06/21 14:10:23 logger.go:34: 设备[1]故障预测完成 - 概率:26.54% 等级:低风险 因素:[压力异常 温度持续上升 振动持续增加 电流持续增加]
[信息] 2026/06/21 14:10:23 logger.go:34: 设备[5]故障预测完成 - 概率:21.00% 等级:低风险 因素:[温度持续上升 振动持续增加 电流持续增加]
[信息] 2026/06/21 14:10:23 logger.go:34: 设备[9]故障预测完成 - 概率:23.92% 等级:低风险 因素:[电流异常 温度持续上升 振动持续增加 电流持续增加]
[信息] 2026/06/21 14:10:26 logger.go:34: 设备[1]故障预测完成 - 概率:21.00% 等级:低风险 因素:[温度持续上升 振动持续增加 电流持续增加]
[信息] 2026/06/21 14:10:26 logger.go:34: 设备[5]故障预测完成 - 概率:27.28% 等级:低风险 因素:[振动异常 温度持续上升 振动持续增加 电流持续增加]
[信息] 2026/06/21 14:10:26 logger.go:34: 设备[9]故障预测完成 - 概率:27.47% 等级:低风险 因素:[压力异常 电流异常 温度持续上升 振动持续增加 电流持续增加]
[信息] 2026/06/21 14:10:29 logger.go:34: 设备[1]故障预测完成 - 概率:27.19% 等级:低风险 因素:[压力异常 温度持续上升 振动持续增加 电流持续增加]
[信息] 2026/06/21 14:10:29 logger.go:34: 设备[5]故障预测完成 - 概率:27.44% 等级:低风险 因素:[温度过高 温度持续上升 振动持续增加 电流持续增加]
[信息] 2026/06/21 14:10:29 logger.go:34: 设备[9]故障预测完成 - 概率:27.38% 等级:低风险 因素:[温度过高 温度持续上升 振动持续增加 电流持续增加]
[信息] 2026/06/21 14:10:32 logger.go:34: 设备[1]故障预测完成 - 概率:21.00% 等级:低风险 因素:[温度持续上升 振动持续增加 电流持续增加]
[信息] 2026/06/21 14:10:32 logger.go:34: 设备[5]故障预测完成 - 概率:23.63% 等级:低风险 因素:[压力异常 温度持续上升 振动持续增加 电流持续增加]
[信息] 2026/06/21 14:10:32 logger.go:34: 设备[9]故障预测完成 - 概率:21.00% 等级:低风险 因素:[温度持续上升 振动持续增加 电流持续增加]
[信息] 2026/06/21 14:10:35 logger.go:34: 设备[1]故障预测完成 - 概率:28.41% 等级:低风险 因素:[振动异常 压力异常 温度持续上升 振动持续增加 电流持续增加]
[信息] 2026/06/21 14:10:35 logger.go:34: 设备[5]故障预测完成 - 概率:21.00% 等级:低风险 因素:[温度持续上升 振动持续增加 电流持续增加]
[信息] 2026/06/21 14:10:35 logger.go:34: 设备[9]故障预测完成 - 概率:21.00% 等级:低风险 因素:[温度持续上升 振动持续增加 电流持续增加]
[信息] 2026/06/21 14:10:38 logger.go:34: 设备[1]故障预测完成 - 概率:28.85% 等级:低风险 因素:[振动异常 压力异常 温度持续上升 振动持续增加 电流持续增加]
[信息] 2026/06/21 14:10:38 logger.go:34: 设备[5]故障预测完成 - 概率:30.43% 等级:中风险 因素:[温度过高 振动异常 温度持续上升 振动持续增加 电流持续增加]
[信息] 2026/06/21 14:10:38 logger.go:34: 设备[9]故障预测完成 - 概率:22.92% 等级:低风险 因素:[压力异常 温度持续上升 振动持续增加 电流持续增加]
[信息] 2026/06/21 14:10:41 logger.go:34: 设备[1]故障预测完成 - 概率:22.74% 等级:低风险 因素:[压力异常 温度持续上升 振动持续增加 电流持续增加]
[信息] 2026/06/21 14:10:41 logger.go:34: 设备[5]故障预测完成 - 概率:23.89% 等级:低风险 因素:[温度过高 温度持续上升 振动持续增加 电流持续增加]
[信息] 2026/06/21 14:10:41 logger.go:34: 设备[9]故障预测完成 - 概率:27.99% 等级:低风险 因素:[振动异常 电流异常 温度持续上升 振动持续增加 电流持续增加]
[信息] 2026/06/21 14:10:44 logger.go:34: 设备[1]故障预测完成 - 概率:21.00% 等级:低风险 因素:[温度持续上升 振动持续增加 电流持续增加]
[信息] 2026/06/21 14:10:44 logger.go:34: 设备[5]故障预测完成 - 概率:21.00% 等级:低风险 因素:[温度持续上升 振动持续增加 电流持续增加]
[信息] 2026/06/21 14:10:44 logger.go:34: 设备[9]故障预测完成 - 概率:27.37% 等级:低风险 因素:[压力异常 温度持续上升 振动持续增加 电流持续增加]
[信息] 2026/06/21 14:10:45 logger.go:34: [GET] /api/v1/maintenance-plans - 200 (2.324792ms) IP:::1
[GIN] 2026/06/21 - 14:10:45 | 200 |   2.37ms |             ::1 | GET      "/api/v1/maintenance-plans?page=1&pageSize=50"
[信息] 2026/06/21 14:10:47 logger.go:34: 设备[1]故障预测完成 - 概率:28.16% 等级:低风险 因素:[温度过高 温度持续上升 振动持续增加 电流持续增加]
[信息] 2026/06/21 14:10:47 logger.go:34: 设备[5]故障预测完成 - 概率:25.97% 等级:低风险 因素:[振动异常 温度持续上升 振动持续增加 电流持续增加]
[信息] 2026/06/21 14:10:47 logger.go:34: 设备[9]故障预测完成 - 概率:30.94% 等级:中风险 因素:[温度过高 振动异常 温度持续上升 振动持续增加 电流持续增加]
[信息] 2026/06/21 14:10:50 logger.go:34: 设备[1]故障预测完成 - 概率:21.00% 等级:低风险 因素:[温度持续上升 振动持续增加 电流持续增加]
[信息] 2026/06/21 14:10:50 logger.go:34: 设备[5]故障预测完成 - 概率:28.34% 等级:低风险 因素:[温度过高 压力异常 温度持续上升 振动持续增加 电流持续增加]
[信息] 2026/06/21 14:10:50 logger.go:34: 设备[9]故障预测完成 - 概率:21.00% 等级:低风险 因素:[温度持续上升 振动持续增加 电流持续增加]
[信息] 2026/06/21 14:10:53 logger.go:34: [GET] /api/v1/maintenance-records - 200 (693.208µs) IP:::1
[GIN] 2026/06/21 - 14:10:53 | 200 | 853.208µs |             ::1 | GET      "/api/v1/maintenance-records?page=1&pageSize=50"
[信息] 2026/06/21 14:10:53 logger.go:34: 设备[1]故障预测完成 - 概率:24.15% 等级:低风险 因素:[压力异常 温度持续上升 振动持续增加 电流持续增加]
[信息] 2026/06/21 14:10:53 logger.go:34: 设备[5]故障预测完成 - 概率:34.11% 等级:中风险 因素:[温度过高 振动异常 压力异常 温度持续上升 振动持续增加 电流持续增加]
[信息] 2026/06/21 14:10:53 logger.go:34: 设备[9]故障预测完成 - 概率:28.76% 等级:低风险 因素:[振动异常 温度持续上升 振动持续增加 电流持续增加]
[信息] 2026/06/21 14:10:56 logger.go:34: 设备[1]故障预测完成 - 概率:25.05% 等级:低风险 因素:[振动异常 温度持续上升 振动持续增加 电流持续增加]
[信息] 2026/06/21 14:10:56 logger.go:34: 设备[5]故障预测完成 - 概率:32.11% 等级:中风险 因素:[振动异常 电流异常 温度持续上升 振动持续增加 电流持续增加]
[信息] 2026/06/21 14:10:56 logger.go:34: 设备[9]故障预测完成 - 概率:21.00% 等级:低风险 因素:[温度持续上升 振动持续增加 电流持续增加]
[信息] 2026/06/21 14:10:59 logger.go:34: 设备[1]故障预测完成 - 概率:27.96% 等级:低风险 因素:[温度过高 温度持续上升 振动持续增加 电流持续增加]
[信息] 2026/06/21 14:10:59 logger.go:34: 设备[5]故障预测完成 - 概率:21.00% 等级:低风险 因素:[温度持续上升 振动持续增加 电流持续增加]
[信息] 2026/06/21 14:10:59 logger.go:34: 设备[9]故障预测完成 - 概率:21.00% 等级:低风险 因素:[温度持续上升 振动持续增加 电流持续增加]
[信息] 2026/06/21 14:11:02 logger.go:34: 设备[1]故障预测完成 - 概率:30.48% 等级:中风险 因素:[振动异常 电流异常 温度持续上升 振动持续增加 电流持续增加]
[信息] 2026/06/21 14:11:02 logger.go:34: 设备[5]故障预测完成 - 概率:23.97% 等级:低风险 因素:[电流异常 温度持续上升 振动持续增加 电流持续增加]
[信息] 2026/06/21 14:11:02 logger.go:34: 设备[9]故障预测完成 - 概率:34.80% 等级:中风险 因素:[温度过高 振动异常 压力异常 温度持续上升 振动持续增加 电流持续增加]
[信息] 2026/06/21 14:11:05 logger.go:34: 设备[1]故障预测完成 - 概率:24.17% 等级:低风险 因素:[振动异常 温度持续上升 振动持续增加 电流持续增加]
[信息] 2026/06/21 14:11:05 logger.go:34: 设备[5]故障预测完成 - 概率:25.11% 等级:低风险 因素:[压力异常 温度持续上升 振动持续增加 电流持续增加]
[信息] 2026/06/21 14:11:05 logger.go:34: 设备[9]故障预测完成 - 概率:28.90% 等级:低风险 因素:[温度过高 压力异常 温度持续上升 振动持续增加 电流持续增加]
[信息] 2026/06/21 14:11:08 logger.go:34: 设备[1]故障预测完成 - 概率:22.74% 等级:低风险 因素:[压力异常 温度持续上升 振动持续增加 电流持续增加]
[信息] 2026/06/21 14:11:08 logger.go:34: 设备[5]故障预测完成 - 概率:23.99% 等级:低风险 因素:[压力异常 温度持续上升 振动持续增加 电流持续增加]
[信息] 2026/06/21 14:11:08 logger.go:34: 设备[9]故障预测完成 - 概率:24.89% 等级:低风险 因素:[压力异常 温度持续上升 振动持续增加 电流持续增加]
[信息] 2026/06/21 14:11:11 logger.go:34: 设备[1]故障预测完成 - 概率:30.12% 等级:中风险 因素:[振动异常 电流异常 温度持续上升 振动持续增加 电流持续增加]
[信息] 2026/06/21 14:11:11 logger.go:34: 设备[5]故障预测完成 - 概率:31.59% 等级:中风险 因素:[温度过高 电流异常 温度持续上升 振动持续增加 电流持续增加]
[信息] 2026/06/21 14:11:11 logger.go:34: 设备[9]故障预测完成 - 概率:32.88% 等级:中风险 因素:[温度过高 压力异常 温度持续上升 振动持续增加 电流持续增加]
[信息] 2026/06/21 14:11:14 logger.go:34: 设备[1]故障预测完成 - 概率:21.00% 等级:低风险 因素:[温度持续上升 振动持续增加 电流持续增加]
[信息] 2026/06/21 14:11:14 logger.go:34: 设备[5]故障预测完成 - 概率:31.16% 等级:中风险 因素:[振动异常 压力异常 温度持续上升 振动持续增加 电流持续增加]
[信息] 2026/06/21 14:11:14 logger.go:34: 设备[9]故障预测完成 - 概率:30.89% 等级:中风险 因素:[温度过高 振动异常 温度持续上升 振动持续增加 电流持续增加]
[信息] 2026/06/21 14:11:17 logger.go:34: 设备[1]故障预测完成 - 概率:29.79% 等级:低风险 因素:[振动异常 压力异常 温度持续上升 振动持续增加 电流持续增加]
[信息] 2026/06/21 14:11:17 logger.go:34: 设备[5]故障预测完成 - 概率:24.08% 等级:低风险 因素:[压力异常 温度持续上升 振动持续增加 电流持续增加]
[信息] 2026/06/21 14:11:17 logger.go:34: 设备[9]故障预测完成 - 概率:23.61% 等级:低风险 因素:[温度过高 温度持续上升 振动持续增加 电流持续增加]
[信息] 2026/06/21 14:11:20 logger.go:34: 设备[1]故障预测完成 - 概率:25.59% 等级:低风险 因素:[振动异常 温度持续上升 振动持续增加 电流持续增加]
[信息] 2026/06/21 14:11:20 logger.go:34: 设备[5]故障预测完成 - 概率:21.00% 等级:低风险 因素:[温度持续上升 振动持续增加 电流持续增加]
[信息] 2026/06/21 14:11:20 logger.go:34: 设备[9]故障预测完成 - 概率:31.73% 等级:中风险 因素:[温度过高 振动异常 压力异常 温度持续上升 振动持续增加 电流持续增加]
[信息] 2026/06/21 14:11:23 logger.go:34: 设备[1]故障预测完成 - 概率:31.08% 等级:中风险 因素:[振动异常 电流异常 温度持续上升 振动持续增加 电流持续增加]
[信息] 2026/06/21 14:11:23 logger.go:34: 设备[5]故障预测完成 - 概率:21.00% 等级:低风险 因素:[温度持续上升 振动持续增加 电流持续增加]
[信息] 2026/06/21 14:11:23 logger.go:34: 设备[9]故障预测完成 - 概率:21.00% 等级:低风险 因素:[温度持续上升 振动持续增加 电流持续增加]
[信息] 2026/06/21 14:11:26 logger.go:34: 设备[1]故障预测完成 - 概率:25.11% 等级:低风险 因素:[振动异常 温度持续上升 振动持续增加 电流持续增加]
[信息] 2026/06/21 14:11:26 logger.go:34: 设备[5]故障预测完成 - 概率:24.86% 等级:低风险 因素:[振动异常 温度持续上升 振动持续增加 电流持续增加]
[信息] 2026/06/21 14:11:26 logger.go:34: 设备[9]故障预测完成 - 概率:21.00% 等级:低风险 因素:[温度持续上升 振动持续增加 电流持续增加]
[信息] 2026/06/21 14:11:29 logger.go:34: 设备[1]故障预测完成 - 概率:21.00% 等级:低风险 因素:[温度持续上升 振动持续增加 电流持续增加]
[信息] 2026/06/21 14:11:29 logger.go:34: 设备[5]故障预测完成 - 概率:32.50% 等级:中风险 因素:[温度过高 压力异常 温度持续上升 振动持续增加 电流持续增加]
[信息] 2026/06/21 14:11:29 logger.go:34: 设备[9]故障预测完成 - 概率:28.02% 等级:低风险 因素:[振动异常 温度持续上升 振动持续增加 电流持续增加]
[信息] 2026/06/21 14:11:32 logger.go:34: 设备[1]故障预测完成 - 概率:27.31% 等级:低风险 因素:[温度过高 电流异常 温度持续上升 振动持续增加 电流持续增加]
[信息] 2026/06/21 14:11:32 logger.go:34: 设备[5]故障预测完成 - 概率:27.92% 等级:低风险 因素:[振动异常 压力异常 温度持续上升 振动持续增加 电流持续增加]
[信息] 2026/06/21 14:11:32 logger.go:34: 设备[9]故障预测完成 - 概率:26.37% 等级:低风险 因素:[温度过高 压力异常 温度持续上升 振动持续增加 电流持续增加]
[信息] 2026/06/21 14:11:35 logger.go:34: 设备[1]故障预测完成 - 概率:29.75% 等级:低风险 因素:[温度过高 压力异常 温度持续上升 振动持续增加 电流持续增加]
[信息] 2026/06/21 14:11:35 logger.go:34: 设备[5]故障预测完成 - 概率:24.10% 等级:低风险 因素:[压力异常 温度持续上升 振动持续增加 电流持续增加]
[信息] 2026/06/21 14:11:35 logger.go:34: 设备[9]故障预测完成 - 概率:25.91% 等级:低风险 因素:[压力异常 温度持续上升 振动持续增加 电流持续增加]
[信息] 2026/06/21 14:11:38 logger.go:34: 设备[1]故障预测完成 - 概率:21.00% 等级:低风险 因素:[温度持续上升 振动持续增加 电流持续增加]
[信息] 2026/06/21 14:11:38 logger.go:34: 设备[5]故障预测完成 - 概率:21.00% 等级:低风险 因素:[温度持续上升 振动持续增加 电流持续增加]
[信息] 2026/06/21 14:11:38 logger.go:34: 设备[9]故障预测完成 - 概率:22.95% 等级:低风险 因素:[压力异常 温度持续上升 振动持续增加 电流持续增加]
[信息] 2026/06/21 14:11:41 logger.go:34: 设备[1]故障预测完成 - 概率:21.00% 等级:低风险 因素:[温度持续上升 振动持续增加 电流持续增加]
[信息] 2026/06/21 14:11:41 logger.go:34: 设备[5]故障预测完成 - 概率:28.44% 等级:低风险 因素:[温度过高 压力异常 温度持续上升 振动持续增加 电流持续增加]
[信息] 2026/06/21 14:11:41 logger.go:34: 设备[9]故障预测完成 - 概率:23.71% 等级:低风险 因素:[温度过高 温度持续上升 振动持续增加 电流持续增加]
[信息] 2026/06/21 14:11:44 logger.go:34: 设备[1]故障预测完成 - 概率:29.86% 等级:低风险 因素:[温度过高 振动异常 温度持续上升 振动持续增加 电流持续增加]
[信息] 2026/06/21 14:11:44 logger.go:34: 设备[5]故障预测完成 - 概率:34.74% 等级:中风险 因素:[温度过高 振动异常 温度持续上升 振动持续增加 电流持续增加]
[信息] 2026/06/21 14:11:44 logger.go:34: 设备[9]故障预测完成 - 概率:26.80% 等级:低风险 因素:[压力异常 温度持续上升 振动持续增加 电流持续增加]
